
                         MODELLER 9v3, 2008/02/01, r5971

     PROTEIN STRUCTURE MODELLING BY SATISFACTION OF SPATIAL RESTRAINTS


                     Copyright(c) 1989-2008 Andrej Sali
                            All Rights Reserved

                             Written by A. Sali
                               with help from
           B. Webb, M.S. Madhusudhan, M-Y. Shen, M.A. Marti-Renom,
                N. Eswar, F. Alber, M. Topf, B. Oliva, A. Fiser,
                    R. Sanchez, B. Yerkovich, A. Badretdinov,
                      F. Melo, J.P. Overington, E. Feyfant
                 University of California, San Francisco, USA
                    Rockefeller University, New York, USA
                      Harvard University, Cambridge, USA
                   Imperial Cancer Research Fund, London, UK
              Birkbeck College, University of London, London, UK


Kind, OS, HostName, Kernel, Processor: 4, Linux veda.cnb.csic.es 2.6.23.17-88.fc7 i686
Date and time of compilation         : 2008/02/01 20:41:25
MODELLER executable type             : i386-intel8
Job starting time (YY/MM/DD HH:MM:SS): 2008/11/17 16:55:39

openf___224_> Open           $(LIB)/restyp.lib
openf5__224_> Open       11  OLD  SEQUENTIAL  ${MODINSTALL9v3}/modlib/resgrp.lib
rdresgr_266_> Number of residue groups:        2
openf___224_> Open           ${MODINSTALL9v3}/modlib/sstruc.lib

Dynamically allocated memory at   amaxlibraries [B,KiB,MiB]:      3234070    3158.271     3.084

Dynamically allocated memory at   amaxlibraries [B,KiB,MiB]:      3234598    3158.787     3.085
openf___224_> Open           ${MODINSTALL9v3}/modlib/resdih.lib

Dynamically allocated memory at   amaxlibraries [B,KiB,MiB]:      3283198    3206.248     3.131
rdrdih__263_> Number of dihedral angle types         :        9
              Maximal number of dihedral angle optima:        3
              Dihedral angle names                   :  Alph Phi Psi Omeg chi1 chi2 chi3 chi4 chi5
openf___224_> Open           ${MODINSTALL9v3}/modlib/radii.lib

Dynamically allocated memory at   amaxlibraries [B,KiB,MiB]:      3292174    3215.014     3.140
openf___224_> Open           ${MODINSTALL9v3}/modlib/radii14.lib
openf5__224_> Open       11  OLD  SEQUENTIAL  ${MODINSTALL9v3}/modlib/af_mnchdef.lib
rdwilmo_274_> Mainchain residue conformation classes:  APBLE
openf___224_> Open           ${MODINSTALL9v3}/modlib/mnch.lib
rdclass_257_> Number of classes:        5
openf___224_> Open           ${MODINSTALL9v3}/modlib/mnch1.lib
openf___224_> Open           ${MODINSTALL9v3}/modlib/mnch2.lib
openf___224_> Open           ${MODINSTALL9v3}/modlib/mnch3.lib
openf___224_> Open           ${MODINSTALL9v3}/modlib/xs4.mat
rdrrwgh_268_> Number of residue types:       21
openf___224_> Open           $(LIB)/top_heav.lib
read_to_681_> topology.submodel read from topology file:        3
openf___224_> Open           ${MODINSTALL9v3}/modlib/models.lib
openf___224_> Open           $(LIB)/par.lib

Dynamically allocated memory at  amaxparameters [B,KiB,MiB]:      4241130    4141.729     4.045
openf___224_> Open           $(LIB)/par.lib
read_pa_232_> parameters    BONDS   ANGLS  DIHEDS IMPROPS    MODE
                              227     561     661     112       0
openf___224_> Open           1gux.pdb

Dynamically allocated memory at       amaxmodel [B,KiB,MiB]:      4563721    4456.759     4.352
openf___224_> Open           1gux.pdb
read_mo_297_> Segments, residues, atoms:        3      327     2711
read_mo_298_> Segment:        1   380 A   577 A     1439
read_mo_298_> Segment:        2   645 B   785 B     1191
read_mo_298_> Segment:        3     1 E     9 E       81

Dynamically allocated memory at   amaxalignment [B,KiB,MiB]:      4573728    4466.531     4.362

Dynamically allocated memory at   amaxstructure [B,KiB,MiB]:      4762895    4651.265     4.542
mutate_mode_> Model residue  483 changed from HIS to GLU

Dynamically allocated memory at   amaxalignment [B,KiB,MiB]:      4766002    4654.299     4.545

Dynamically allocated memory at   amaxstructure [B,KiB,MiB]:      4955169    4839.032     4.726

Dynamically allocated memory at       amaxmodel [B,KiB,MiB]:      4976553    4859.915     4.746

getf_______W> RTF restraint not found in the atoms list:
              residue type, indices:     9   177
              atom names           : C     +N
              atom indices         :  1436     0

getf_______W> RTF restraint not found in the atoms list:
              residue type, indices:     9   177
              atom names           : C     CA    +N    O
              atom indices         :  1436  1430     0  1437

mkilst______> segment topology constructed from sequence and RTF:
              segments residues atoms bonds angles dihedrals impropers:
                     1      177  1437  1463      0         0       605

Dynamically allocated memory at       amaxmodel [B,KiB,MiB]:      5037109    4919.052     4.804

patch_______> segment topology patched using RTF:     1  ;  ASN  ;  NTER
              segments residues atoms bonds angles dihedrals impropers:
                     1      177  1437  1463   1966      2312       605


Dynamically allocated memory at       amaxmodel [B,KiB,MiB]:      5101125    4981.567     4.865
patch_______> segment topology patched using RTF:   177  ;  LYS  ;  CTER
              segments residues atoms bonds angles dihedrals impropers:
                     1      177  1438  1464   1968      2314       606

genseg______> segment topology constructed from sequence and RTF:
              segments residues atoms bonds angles dihedrals impropers:
                     1      177  1438  1464   1968      2314       606

Dynamically allocated memory at       amaxmodel [B,KiB,MiB]:      5119373    4999.388     4.882

getf_______W> RTF restraint not found in the atoms list:
              residue type, indices:     8   318
              atom names           : C     +N
              atom indices         :  2627     0

getf_______W> RTF restraint not found in the atoms list:
              residue type, indices:     8   318
              atom names           : C     CA    +N    O
              atom indices         :  2627  2622     0  2628

mkilst______> segment topology constructed from sequence and RTF:
              segments residues atoms bonds angles dihedrals impropers:
                     2      318  2628  2682   1968      2314      1136

Dynamically allocated memory at       amaxmodel [B,KiB,MiB]:      5170385    5049.204     4.931

patch_______> segment topology patched using RTF:   178  ;  THR  ;  NTER
              segments residues atoms bonds angles dihedrals impropers:
                     2      318  2628  2682   3615      4267      1136


Dynamically allocated memory at       amaxmodel [B,KiB,MiB]:      5216921    5094.649     4.975
patch_______> segment topology patched using RTF:   318  ;  ILE  ;  CTER
              segments residues atoms bonds angles dihedrals impropers:
                     2      318  2629  2683   3617      4269      1137

genseg______> segment topology constructed from sequence and RTF:
              segments residues atoms bonds angles dihedrals impropers:
                     2      318  2629  2683   3617      4269      1137

Dynamically allocated memory at       amaxmodel [B,KiB,MiB]:      5224841    5102.384     4.983

getf_______W> RTF restraint not found in the atoms list:
              residue type, indices:    12   327
              atom names           : C     +N
              atom indices         :  2708     0

getf_______W> RTF restraint not found in the atoms list:
              residue type, indices:    12   327
              atom names           : C     CA    +N    O
              atom indices         :  2708  2703     0  2709

mkilst______> segment topology constructed from sequence and RTF:
              segments residues atoms bonds angles dihedrals impropers:
                     3      327  2709  2764   3617      4269      1178

Dynamically allocated memory at       amaxmodel [B,KiB,MiB]:      5228101    5105.567     4.986

patch_______> segment topology patched using RTF:   319  ;  ASP  ;  NTER
              segments residues atoms bonds angles dihedrals impropers:
                     3      327  2709  2764   3726      4391      1178


Dynamically allocated memory at       amaxmodel [B,KiB,MiB]:      5228157    5105.622     4.986
patch_______> segment topology patched using RTF:   327  ;  ASN  ;  CTER
              segments residues atoms bonds angles dihedrals impropers:
                     3      327  2710  2765   3728      4393      1179

genseg______> segment topology constructed from sequence and RTF:
              segments residues atoms bonds angles dihedrals impropers:
                     3      327  2710  2765   3728      4393      1179
transfe_506_> MODEL is an average of all templates.
transfe_511_> Number of templates for coordinate transfer:        1
              After transferring coordinates of the equivalent template atoms,
              there are defined, undefined atoms in MODEL:     2707        3
openf___224_> Open           1gux.pdb

Dynamically allocated memory at       amaxmodel [B,KiB,MiB]:      5550748    5420.652     5.294
openf___224_> Open           1gux.pdb
read_mo_297_> Segments, residues, atoms:        3      327     2711
read_mo_298_> Segment:        1   380 A   577 A     1439
read_mo_298_> Segment:        2   645 B   785 B     1191
read_mo_298_> Segment:        3     1 E     9 E       81
  #      ALGNMT CODE

  1  1gux
  2  1gux
openf___224_> Open           1guxGLU483.tmp
wrpdb___568_> Residues, atoms, selected atoms:      327     2710     2710
openf___224_> Open           1guxGLU483.tmp
openf___224_> Open           1guxGLU483.tmp
read_mo_297_> Segments, residues, atoms:        3      327     2710
read_mo_298_> Segment:        1   380 A   577 A     1438
read_mo_298_> Segment:        2   645 B   785 B     1191
read_mo_298_> Segment:        3     1 E     9 E       81
make_re_417_> Restraint type to be calculated:  stereo

Dynamically allocated memory at  amaxrestraints [B,KiB,MiB]:      5657216    5524.625     5.395

Dynamically allocated memory at  amaxrestraints [B,KiB,MiB]:      5665408    5532.625     5.403

Dynamically allocated memory at  amaxrestraints [B,KiB,MiB]:      5681792    5548.625     5.419

Dynamically allocated memory at  amaxrestraints [B,KiB,MiB]:      5714560    5580.625     5.450

Dynamically allocated memory at  amaxrestraints [B,KiB,MiB]:      5747328    5612.625     5.481

Dynamically allocated memory at  amaxrestraints [B,KiB,MiB]:      5812864    5676.625     5.544

Dynamically allocated memory at  amaxrestraints [B,KiB,MiB]:      5845632    5708.625     5.575

Dynamically allocated memory at  amaxrestraints [B,KiB,MiB]:      5878400    5740.625     5.606

Dynamically allocated memory at  amaxrestraints [B,KiB,MiB]:      5943936    5804.625     5.669

Dynamically allocated memory at  amaxrestraints [B,KiB,MiB]:      6075008    5932.625     5.794

Dynamically allocated memory at  amaxrestraints [B,KiB,MiB]:      6140544    5996.625     5.856

Dynamically allocated memory at  amaxrestraints [B,KiB,MiB]:      6206080    6060.625     5.919

Dynamically allocated memory at  amaxrestraints [B,KiB,MiB]:      6337152    6188.625     6.044

Dynamically allocated memory at  amaxrestraints [B,KiB,MiB]:      6599296    6444.625     6.294

Dynamically allocated memory at  amaxrestraints [B,KiB,MiB]:      6730368    6572.625     6.419
r_stere_606_> Stereochemical restraints were constructed from RTF & PRMF.
              Added bond,angle,dihedral,improper restraints  :     2765    3728    4152    1169
              Total number of restraints before, now         :        0    11814
make_re_422_> Number of previous, current restraints         :        0    11814
make_re_423_> Number of previous, current selected restraints:        0    11814
make_re_417_> Restraint type to be calculated:  phi-psi_binormal

Dynamically allocated memory at   amaxstructure [B,KiB,MiB]:      6730368    6572.625     6.419
openf___224_> Open           ${MODINSTALL9v3}/modlib/mnch1.bin
initmdt_400_> Distance function type:        1
openf___224_> Open           ${MODINSTALL9v3}/modlib/mnch1.mdt
getdata_643_> Protein accepted:  1gux
getdata_289_> Proteins (all/accepted):        1        1
make_re_422_> Number of previous, current restraints         :    11814    12135
make_re_423_> Number of previous, current selected restraints:    11814    12135
make_re_417_> Restraint type to be calculated:  omega_dihedral

Dynamically allocated memory at   amaxstructure [B,KiB,MiB]:      6730400    6572.656     6.419
openf___224_> Open           ${MODINSTALL9v3}/modlib/omega.bin
initmdt_400_> Distance function type:        1
openf___224_> Open           ${MODINSTALL9v3}/modlib/omega.mdt
getdata_643_> Protein accepted:  1gux
getdata_289_> Proteins (all/accepted):        1        1
omgdel__425_> Unselected all O C +N +CA dihedrals:      334
              (This is to avoid clashes between STEREO
              and OMEGA_DIHEDRAL restraints)
make_re_422_> Number of previous, current restraints         :    12135    12459
make_re_423_> Number of previous, current selected restraints:    12135    12125
make_re_417_> Restraint type to be calculated:  chi1_dihedral

Dynamically allocated memory at   amaxstructure [B,KiB,MiB]:      6730400    6572.656     6.419
openf___224_> Open           ${MODINSTALL9v3}/modlib/chi1234.bin
initmdt_400_> Distance function type:        1
openf___224_> Open           ${MODINSTALL9v3}/modlib/chi1.mdt
getdata_643_> Protein accepted:  1gux
getdata_289_> Proteins (all/accepted):        1        1

Dynamically allocated memory at  amaxrestraints [B,KiB,MiB]:      6861472    6700.656     6.544
make_re_422_> Number of previous, current restraints         :    12459    12766
make_re_423_> Number of previous, current selected restraints:    12125    12432
make_re_417_> Restraint type to be calculated:  chi2_dihedral

Dynamically allocated memory at   amaxstructure [B,KiB,MiB]:      6861472    6700.656     6.544
openf___224_> Open           ${MODINSTALL9v3}/modlib/chi1234.bin
initmdt_400_> Distance function type:        1
openf___224_> Open           ${MODINSTALL9v3}/modlib/chi2.mdt
getdata_643_> Protein accepted:  1gux
getdata_289_> Proteins (all/accepted):        1        1
make_re_422_> Number of previous, current restraints         :    12766    13011
make_re_423_> Number of previous, current selected restraints:    12432    12677
make_re_417_> Restraint type to be calculated:  chi3_dihedral

Dynamically allocated memory at   amaxstructure [B,KiB,MiB]:      6861472    6700.656     6.544
openf___224_> Open           ${MODINSTALL9v3}/modlib/chi1234.bin
initmdt_400_> Distance function type:        1
openf___224_> Open           ${MODINSTALL9v3}/modlib/chi3.mdt
getdata_643_> Protein accepted:  1gux
getdata_289_> Proteins (all/accepted):        1        1
make_re_422_> Number of previous, current restraints         :    13011    13112
make_re_423_> Number of previous, current selected restraints:    12677    12778
make_re_417_> Restraint type to be calculated:  chi4_dihedral

Dynamically allocated memory at   amaxstructure [B,KiB,MiB]:      6861472    6700.656     6.544
openf___224_> Open           ${MODINSTALL9v3}/modlib/chi1234.bin
initmdt_400_> Distance function type:        1
openf___224_> Open           ${MODINSTALL9v3}/modlib/chi4.mdt
mdtrsr__446W> A potential that relies on one protein is used, yet you have at
              least one known structure available. MDT, not library, potential is used.
getdata_643_> Protein accepted:  1gux
getdata_289_> Proteins (all/accepted):        1        1
make_re_422_> Number of previous, current restraints         :    13112    13152
make_re_423_> Number of previous, current selected restraints:    12778    12818
pick_re_612_> Number of MODEL atoms, selected restraints;        9       55

Dynamically allocated memory at amaxhash_contac [B,KiB,MiB]:      7641916    7462.809     7.288

Dynamically allocated memory at  amaxrestraints [B,KiB,MiB]:      7848992    7665.031     7.485


>> ENERGY; Differences between the model's features and restraints:
Number of all residues in MODEL                   :      327
Number of all, selected real atoms                :     2710       9
Number of all, selected pseudo atoms              :        0       0
Number of all static, selected restraints         :    13152      55
COVALENT_CYS                                      :        F
NONBONDED_SEL_ATOMS                               :        1
Number of non-bonded pairs (excluding 1-2,1-3,1-4):       47
Dynamic pairs routine                             : 5, NATM_SEL x NATM double loop
Atomic shift for contacts update (UPDATE_DYNAMIC) :    0.390
LENNARD_JONES_SWITCH                              :    6.500   7.500
COULOMB_JONES_SWITCH                              :    6.500   7.500
RESIDUE_SPAN_RANGE                                :        0   99999
NLOGN_USE                                         :       15
CONTACT_SHELL                                     :    4.000
DYNAMIC_PAIRS,_SPHERE,_COULOMB,_LENNARD,_MODELLER :        T       F       F       T       F
SPHERE_STDV                                       :    0.050
RADII_FACTOR                                      :    0.820
Current energy                                    :     4791079.0000





Summary of the restraint violations: 

   NUM     ... number of restraints.
   NUMVI   ... number of restraints with RVIOL > VIOL_REPORT_CUT[i].
   RVIOL   ... relative difference from the best value.
   NUMVP   ... number of restraints with -Ln(pdf) > VIOL_REPORT_CUT2[i].
   RMS_1   ... RMS(feature, minimally_violated_basis_restraint, NUMB).
   RMS_2   ... RMS(feature, best_value, NUMB).
   MOL.PDF ... scaled contribution to -Ln(Molecular pdf).

 #                     RESTRAINT_GROUP      NUM   NUMVI  NUMVP   RMS_1   RMS_2         MOL.PDF     S_i
------------------------------------------------------------------------------------------------------
 1 Bond length potential              :      10       0      0   0.019   0.019      1.0261       1.000
 2 Bond angle potential               :      15       0      0   3.353   3.353      3.2906       1.000
 3 Stereochemical cosine torsion poten:      18       0      0  51.239  51.239      3.4991       1.000
 4 Stereochemical improper torsion pot:       4       0      0   2.071   2.071     0.59972       1.000
 5 Soft-sphere overlap restraints     :       0       0      0   0.000   0.000      0.0000       1.000
 6 Lennard-Jones 6-12 potential       :      47       0      5   0.725   0.725     0.47911E+07   1.000
 7 Coulomb point-point electrostatic p:       0       0      0   0.000   0.000      0.0000       1.000
 8 H-bonding potential                :       0       0      0   0.000   0.000      0.0000       1.000
 9 Distance restraints 1 (CA-CA)      :       0       0      0   0.000   0.000      0.0000       1.000
10 Distance restraints 2 (N-O)        :       0       0      0   0.000   0.000      0.0000       1.000
11 Mainchain Phi dihedral restraints  :       0       0      0   0.000   0.000      0.0000       1.000
12 Mainchain Psi dihedral restraints  :       0       0      0   0.000   0.000      0.0000       1.000
13 Mainchain Omega dihedral restraints:       2       0      0   1.533   1.533     0.55497E-01   1.000
14 Sidechain Chi_1 dihedral restraints:       1       0      0   4.998   4.998    -0.12303       1.000
15 Sidechain Chi_2 dihedral restraints:       1       0      0   0.020   0.020     0.28481E-01   1.000
16 Sidechain Chi_3 dihedral restraints:       1       0      0 179.214 179.214     0.95007       1.000
17 Sidechain Chi_4 dihedral restraints:       0       0      0   0.000   0.000      0.0000       1.000
18 Disulfide distance restraints      :       0       0      0   0.000   0.000      0.0000       1.000
19 Disulfide angle restraints         :       0       0      0   0.000   0.000      0.0000       1.000
20 Disulfide dihedral angle restraints:       0       0      0   0.000   0.000      0.0000       1.000
21 Lower bound distance restraints    :       0       0      0   0.000   0.000      0.0000       1.000
22 Upper bound distance restraints    :       0       0      0   0.000   0.000      0.0000       1.000
23 Distance restraints 3 (SDCH-MNCH)  :       0       0      0   0.000   0.000      0.0000       1.000
24 Sidechain Chi_5 dihedral restraints:       0       0      0   0.000   0.000      0.0000       1.000
25 Phi/Psi pair of dihedral restraints:       3       0      0  11.070  11.070     -2.9562       1.000
26 Distance restraints 4 (SDCH-SDCH)  :       0       0      0   0.000   0.000      0.0000       1.000
27 Distance restraints 5 (X-Y)        :       0       0      0   0.000   0.000      0.0000       1.000
28 NMR distance restraints 6 (X-Y)    :       0       0      0   0.000   0.000      0.0000       1.000
29 NMR distance restraints 7 (X-Y)    :       0       0      0   0.000   0.000      0.0000       1.000
30 Minimal distance restraints        :       0       0      0   0.000   0.000      0.0000       1.000
31 Non-bonded restraints              :       0       0      0   0.000   0.000      0.0000       1.000
32 Atomic accessibility restraints    :       0       0      0   0.000   0.000      0.0000       1.000
33 Atomic density restraints          :       0       0      0   0.000   0.000      0.0000       1.000
34 Absolute position restraints       :       0       0      0   0.000   0.000      0.0000       1.000
35 Dihedral angle difference restraint:       0       0      0   0.000   0.000      0.0000       1.000
36 GBSA implicit solvent potential    :       0       0      0   0.000   0.000      0.0000       1.000
37 EM density fitting potential       :       0       0      0   0.000   0.000      0.0000       1.000
38 SAXS restraints                    :       0       0      0   0.000   0.000      0.0000       1.000
39 Symmetry restraints                :       0       0      0   0.000   0.000      0.0000       1.000



List of the violated restraints:
   A restraint is violated when the relative difference
   from the best value (RVIOL) is larger than CUTOFF.

   ICSR   ... index of a restraint in the current set.
   RESNO  ... residue numbers of the first two atoms.
   ATM    ... IUPAC atom names of the first two atoms.
   FEAT   ... the value of the feature in the model.
   restr  ... the mean of the basis restraint with the smallest
              difference from the model (local minimum).
   viol   ... difference from the local minimum.
   rviol  ... relative difference from the local minimum.
   RESTR  ... the best value (global minimum).
   VIOL   ... difference from the best value.
   RVIOL  ... relative difference from the best value.



report______> Distribution of short non-bonded contacts:

  serious non-bonded atom clash:   305  781   1.831
  serious non-bonded atom clash:   307  779   2.076
  serious non-bonded atom clash:   307  781   0.843

DISTANCE1:  0.00 2.10 2.20 2.30 2.40 2.50 2.60 2.70 2.80 2.90 3.00 3.10 3.20 3.30 3.40
DISTANCE2:  2.10 2.20 2.30 2.40 2.50 2.60 2.70 2.80 2.90 3.00 3.10 3.20 3.30 3.40 3.50
FREQUENCY:     3    0    0    0    6    1   21   65  143  209  234  272  402  447  509


<< end of ENERGY.
randomi_498_> Atoms,selected atoms,random_seed,amplitude:     2710        9        1        4.0000
randomi_496_> Amplitude is > 0; randomization is done.


>> ENERGY; Differences between the model's features and restraints:
Number of all residues in MODEL                   :      327
Number of all, selected real atoms                :     2710       9
Number of all, selected pseudo atoms              :        0       0
Number of all static, selected restraints         :    13152      55
COVALENT_CYS                                      :        F
NONBONDED_SEL_ATOMS                               :        1
Number of non-bonded pairs (excluding 1-2,1-3,1-4):       49
Dynamic pairs routine                             : 5, NATM_SEL x NATM double loop
Atomic shift for contacts update (UPDATE_DYNAMIC) :    0.390
LENNARD_JONES_SWITCH                              :    6.500   7.500
COULOMB_JONES_SWITCH                              :    6.500   7.500
RESIDUE_SPAN_RANGE                                :        0   99999
NLOGN_USE                                         :       15
CONTACT_SHELL                                     :    4.000
DYNAMIC_PAIRS,_SPHERE,_COULOMB,_LENNARD,_MODELLER :        T       F       F       T       F
SPHERE_STDV                                       :    0.050
RADII_FACTOR                                      :    0.820
Current energy                                    :           9.1605





Summary of the restraint violations: 

   NUM     ... number of restraints.
   NUMVI   ... number of restraints with RVIOL > VIOL_REPORT_CUT[i].
   RVIOL   ... relative difference from the best value.
   NUMVP   ... number of restraints with -Ln(pdf) > VIOL_REPORT_CUT2[i].
   RMS_1   ... RMS(feature, minimally_violated_basis_restraint, NUMB).
   RMS_2   ... RMS(feature, best_value, NUMB).
   MOL.PDF ... scaled contribution to -Ln(Molecular pdf).

 #                     RESTRAINT_GROUP      NUM   NUMVI  NUMVP   RMS_1   RMS_2         MOL.PDF     S_i
------------------------------------------------------------------------------------------------------
 1 Bond length potential              :      10       0      0   0.011   0.011     0.38324       1.000
 2 Bond angle potential               :      15       0      0   2.927   2.927      2.5419       1.000
 3 Stereochemical cosine torsion poten:      18       0      0  52.451  52.451      3.7954       1.000
 4 Stereochemical improper torsion pot:       4       0      0   1.939   1.939     0.52291       1.000
 5 Soft-sphere overlap restraints     :       0       0      0   0.000   0.000      0.0000       1.000
 6 Lennard-Jones 6-12 potential       :      49       0      0   0.413   0.413      2.0244       1.000
 7 Coulomb point-point electrostatic p:       0       0      0   0.000   0.000      0.0000       1.000
 8 H-bonding potential                :       0       0      0   0.000   0.000      0.0000       1.000
 9 Distance restraints 1 (CA-CA)      :       0       0      0   0.000   0.000      0.0000       1.000
10 Distance restraints 2 (N-O)        :       0       0      0   0.000   0.000      0.0000       1.000
11 Mainchain Phi dihedral restraints  :       0       0      0   0.000   0.000      0.0000       1.000
12 Mainchain Psi dihedral restraints  :       0       0      0   0.000   0.000      0.0000       1.000
13 Mainchain Omega dihedral restraints:       2       0      0   3.765   3.765     0.33458       1.000
14 Sidechain Chi_1 dihedral restraints:       1       0      0  21.268  21.268      1.0617       1.000
15 Sidechain Chi_2 dihedral restraints:       1       0      0 113.417 113.417     0.63546       1.000
16 Sidechain Chi_3 dihedral restraints:       1       0      0   4.123   4.123     0.85457       1.000
17 Sidechain Chi_4 dihedral restraints:       0       0      0   0.000   0.000      0.0000       1.000
18 Disulfide distance restraints      :       0       0      0   0.000   0.000      0.0000       1.000
19 Disulfide angle restraints         :       0       0      0   0.000   0.000      0.0000       1.000
20 Disulfide dihedral angle restraints:       0       0      0   0.000   0.000      0.0000       1.000
21 Lower bound distance restraints    :       0       0      0   0.000   0.000      0.0000       1.000
22 Upper bound distance restraints    :       0       0      0   0.000   0.000      0.0000       1.000
23 Distance restraints 3 (SDCH-MNCH)  :       0       0      0   0.000   0.000      0.0000       1.000
24 Sidechain Chi_5 dihedral restraints:       0       0      0   0.000   0.000      0.0000       1.000
25 Phi/Psi pair of dihedral restraints:       3       0      0  10.610  10.610     -2.9937       1.000
26 Distance restraints 4 (SDCH-SDCH)  :       0       0      0   0.000   0.000      0.0000       1.000
27 Distance restraints 5 (X-Y)        :       0       0      0   0.000   0.000      0.0000       1.000
28 NMR distance restraints 6 (X-Y)    :       0       0      0   0.000   0.000      0.0000       1.000
29 NMR distance restraints 7 (X-Y)    :       0       0      0   0.000   0.000      0.0000       1.000
30 Minimal distance restraints        :       0       0      0   0.000   0.000      0.0000       1.000
31 Non-bonded restraints              :       0       0      0   0.000   0.000      0.0000       1.000
32 Atomic accessibility restraints    :       0       0      0   0.000   0.000      0.0000       1.000
33 Atomic density restraints          :       0       0      0   0.000   0.000      0.0000       1.000
34 Absolute position restraints       :       0       0      0   0.000   0.000      0.0000       1.000
35 Dihedral angle difference restraint:       0       0      0   0.000   0.000      0.0000       1.000
36 GBSA implicit solvent potential    :       0       0      0   0.000   0.000      0.0000       1.000
37 EM density fitting potential       :       0       0      0   0.000   0.000      0.0000       1.000
38 SAXS restraints                    :       0       0      0   0.000   0.000      0.0000       1.000
39 Symmetry restraints                :       0       0      0   0.000   0.000      0.0000       1.000



List of the violated restraints:
   A restraint is violated when the relative difference
   from the best value (RVIOL) is larger than CUTOFF.

   ICSR   ... index of a restraint in the current set.
   RESNO  ... residue numbers of the first two atoms.
   ATM    ... IUPAC atom names of the first two atoms.
   FEAT   ... the value of the feature in the model.
   restr  ... the mean of the basis restraint with the smallest
              difference from the model (local minimum).
   viol   ... difference from the local minimum.
   rviol  ... relative difference from the local minimum.
   RESTR  ... the best value (global minimum).
   VIOL   ... difference from the best value.
   RVIOL  ... relative difference from the best value.



report______> Distribution of short non-bonded contacts:


DISTANCE1:  0.00 2.10 2.20 2.30 2.40 2.50 2.60 2.70 2.80 2.90 3.00 3.10 3.20 3.30 3.40
DISTANCE2:  2.10 2.20 2.30 2.40 2.50 2.60 2.70 2.80 2.90 3.00 3.10 3.20 3.30 3.40 3.50
FREQUENCY:     0    0    0    0    6    1   20   64  142  207  235  273  402  450  509


<< end of ENERGY.
openf___224_> Open           1guxGLU483.pdb
wrpdb___568_> Residues, atoms, selected atoms:      327     2710     2710
